2022-04-07 10:14:06.566  INFO 5944 --- [main] com.laohu.MyBlogApplicationTests         : Starting MyBlogApplicationTests using Java 1.8.0_181 on DESKTOP-PSKS468 with PID 5944 (started by 23757 in E:\MyBlog)
2022-04-07 10:14:06.578  INFO 5944 --- [main] com.laohu.MyBlogApplicationTests         : The following 1 profile is active: "pro"
2022-04-07 10:14:09.822  INFO 5944 --- [main] o.s.b.a.w.s.WelcomePageHandlerMapping    : Adding welcome page template: index
2022-04-07 10:14:10.575  INFO 5944 --- [main] com.laohu.MyBlogApplicationTests         : Started MyBlogApplicationTests in 4.68 seconds (JVM running for 6.306)
2022-04-07 10:14:41.401  INFO 2236 --- [main] com.laohu.MyBlogApplicationTests         : Starting MyBlogApplicationTests using Java 1.8.0_181 on DESKTOP-PSKS468 with PID 2236 (started by 23757 in E:\MyBlog)
2022-04-07 10:14:41.404  INFO 2236 --- [main] com.laohu.MyBlogApplicationTests         : The following 1 profile is active: "pro"
2022-04-07 10:14:44.915  INFO 2236 --- [main] o.s.b.a.w.s.WelcomePageHandlerMapping    : Adding welcome page template: index
2022-04-07 10:14:45.617  INFO 2236 --- [main] com.laohu.MyBlogApplicationTests         : Started MyBlogApplicationTests in 4.827 seconds (JVM running for 6.019)
2022-04-07 10:39:35.318  INFO 3320 --- [main] com.laohu.MyBlogApplicationTests         : Starting MyBlogApplicationTests using Java 1.8.0_181 on DESKTOP-PSKS468 with PID 3320 (started by 23757 in E:\MyBlog)
2022-04-07 10:39:35.344  INFO 3320 --- [main] com.laohu.MyBlogApplicationTests         : The following 1 profile is active: "pro"
2022-04-07 10:39:40.479  INFO 3320 --- [main] o.s.b.a.w.s.WelcomePageHandlerMapping    : Adding welcome page template: index
2022-04-07 10:39:41.110  INFO 3320 --- [main] com.laohu.MyBlogApplicationTests         : Started MyBlogApplicationTests in 6.356 seconds (JVM running for 7.618)
2022-04-07 11:05:13.924  INFO 6388 --- [main] com.laohu.MyBlogApplicationTests         : Starting MyBlogApplicationTests using Java 1.8.0_181 on DESKTOP-PSKS468 with PID 6388 (started by 23757 in E:\MyBlog)
2022-04-07 11:05:13.926  INFO 6388 --- [main] com.laohu.MyBlogApplicationTests         : The following 1 profile is active: "pro"
2022-04-07 11:05:17.056  INFO 6388 --- [main] o.s.b.a.w.s.WelcomePageHandlerMapping    : Adding welcome page template: index
2022-04-07 11:05:17.699  INFO 6388 --- [main] com.laohu.MyBlogApplicationTests         : Started MyBlogApplicationTests in 4.372 seconds (JVM running for 5.536)
2022-04-07 11:32:47.239  INFO 644 --- [main] com.laohu.MyBlogApplicationTests         : Starting MyBlogApplicationTests using Java 1.8.0_181 on DESKTOP-PSKS468 with PID 644 (started by 23757 in E:\MyBlog)
2022-04-07 11:32:47.241  INFO 644 --- [main] com.laohu.MyBlogApplicationTests         : The following 1 profile is active: "pro"
2022-04-07 11:32:50.512  INFO 644 --- [main] o.s.b.a.w.s.WelcomePageHandlerMapping    : Adding welcome page template: index
2022-04-07 11:32:51.175  INFO 644 --- [main] com.laohu.MyBlogApplicationTests         : Started MyBlogApplicationTests in 4.468 seconds (JVM running for 5.74)
2022-04-07 11:37:06.665  INFO 10028 --- [main] com.laohu.MyBlogApplicationTests         : Starting MyBlogApplicationTests using Java 1.8.0_181 on DESKTOP-PSKS468 with PID 10028 (started by 23757 in E:\MyBlog)
2022-04-07 11:37:06.668  INFO 10028 --- [main] com.laohu.MyBlogApplicationTests         : The following 1 profile is active: "pro"
2022-04-07 11:37:09.870  INFO 10028 --- [main] o.s.b.a.w.s.WelcomePageHandlerMapping    : Adding welcome page template: index
2022-04-07 11:37:10.556  INFO 10028 --- [main] com.laohu.MyBlogApplicationTests         : Started MyBlogApplicationTests in 4.452 seconds (JVM running for 5.696)
2022-04-07 12:01:02.105  INFO 6968 --- [main] com.laohu.MyBlogApplicationTests         : Starting MyBlogApplicationTests using Java 1.8.0_181 on DESKTOP-PSKS468 with PID 6968 (started by 23757 in E:\MyBlog)
2022-04-07 12:01:02.106  INFO 6968 --- [main] com.laohu.MyBlogApplicationTests         : The following 1 profile is active: "pro"
2022-04-07 12:01:05.060  INFO 6968 --- [main] o.s.b.a.w.s.WelcomePageHandlerMapping    : Adding welcome page template: index
2022-04-07 12:01:06.031  INFO 6968 --- [main] com.laohu.MyBlogApplicationTests         : Started MyBlogApplicationTests in 4.463 seconds (JVM running for 5.65)
2022-04-07 12:08:43.177  INFO 14520 --- [main] com.laohu.MyBlogApplicationTests         : Starting MyBlogApplicationTests using Java 1.8.0_181 on DESKTOP-PSKS468 with PID 14520 (started by 23757 in E:\MyBlog)
2022-04-07 12:08:43.179  INFO 14520 --- [main] com.laohu.MyBlogApplicationTests         : The following 1 profile is active: "pro"
2022-04-07 12:08:46.662  INFO 14520 --- [main] o.s.b.a.w.s.WelcomePageHandlerMapping    : Adding welcome page template: index
2022-04-07 12:08:47.334  INFO 14520 --- [main] com.laohu.MyBlogApplicationTests         : Started MyBlogApplicationTests in 4.698 seconds (JVM running for 6.011)
2022-04-07 12:09:29.707  INFO 1096 --- [main] com.laohu.MyBlogApplicationTests         : Starting MyBlogApplicationTests using Java 1.8.0_181 on DESKTOP-PSKS468 with PID 1096 (started by 23757 in E:\MyBlog)
2022-04-07 12:09:29.709  INFO 1096 --- [main] com.laohu.MyBlogApplicationTests         : The following 1 profile is active: "pro"
2022-04-07 12:09:32.654  INFO 1096 --- [main] o.s.b.a.w.s.WelcomePageHandlerMapping    : Adding welcome page template: index
2022-04-07 12:09:33.261  INFO 1096 --- [main] com.laohu.MyBlogApplicationTests         : Started MyBlogApplicationTests in 4.089 seconds (JVM running for 5.257)
2022-04-07 12:27:29.280  INFO 3544 --- [main] com.laohu.MyBlogApplicationTests         : Starting MyBlogApplicationTests using Java 1.8.0_181 on DESKTOP-PSKS468 with PID 3544 (started by 23757 in E:\MyBlog)
2022-04-07 12:27:29.282  INFO 3544 --- [main] com.laohu.MyBlogApplicationTests         : The following 1 profile is active: "pro"
2022-04-07 12:27:33.628  INFO 3544 --- [main] o.s.b.a.w.s.WelcomePageHandlerMapping    : Adding welcome page template: index
2022-04-07 12:27:34.712  INFO 3544 --- [main] com.laohu.MyBlogApplicationTests         : Started MyBlogApplicationTests in 6.065 seconds (JVM running for 7.421)
2022-04-07 12:41:38.998  INFO 16320 --- [main] com.laohu.MyBlogApplicationTests         : Starting MyBlogApplicationTests using Java 1.8.0_181 on DESKTOP-PSKS468 with PID 16320 (started by 23757 in E:\MyBlog)
2022-04-07 12:41:39.035  INFO 16320 --- [main] com.laohu.MyBlogApplicationTests         : The following 1 profile is active: "pro"
2022-04-07 12:41:41.948  INFO 16320 --- [main] o.s.b.a.w.s.WelcomePageHandlerMapping    : Adding welcome page template: index
2022-04-07 12:41:42.568  INFO 16320 --- [main] com.laohu.MyBlogApplicationTests         : Started MyBlogApplicationTests in 4.088 seconds (JVM running for 5.282)
2022-04-07 12:44:43.268  INFO 11564 --- [main] com.laohu.MyBlogApplicationTests         : Starting MyBlogApplicationTests using Java 1.8.0_181 on DESKTOP-PSKS468 with PID 11564 (started by 23757 in E:\MyBlog)
2022-04-07 12:44:43.269  INFO 11564 --- [main] com.laohu.MyBlogApplicationTests         : The following 1 profile is active: "pro"
2022-04-07 12:44:46.477  INFO 11564 --- [main] o.s.b.a.w.s.WelcomePageHandlerMapping    : Adding welcome page template: index
2022-04-07 12:44:47.146  INFO 11564 --- [main] com.laohu.MyBlogApplicationTests         : Started MyBlogApplicationTests in 4.458 seconds (JVM running for 5.785)
2022-04-07 21:07:19.593  INFO 2564 --- [main] com.laohu.MyBlogApplication              : Starting MyBlogApplication using Java 1.8.0_181 on DESKTOP-PSKS468 with PID 2564 (D:\java\Blog\MyBlog\target\classes started by 23757 in D:\java\Blog\MyBlog)
2022-04-07 21:07:19.593  INFO 2564 --- [main] com.laohu.MyBlogApplication              : The following 1 profile is active: "pro"
2022-04-07 21:07:22.649  INFO 2564 --- [main] o.s.b.w.embedded.tomcat.TomcatWebServer  : Tomcat initialized with port(s): 8001 (http)
2022-04-07 21:07:22.665  INFO 2564 --- [main] o.apache.catalina.core.StandardService   : Starting service [Tomcat]
2022-04-07 21:07:22.665  INFO 2564 --- [main] org.apache.catalina.core.StandardEngine  : Starting Servlet engine: [Apache Tomcat/9.0.60]
2022-04-07 21:07:23.088  INFO 2564 --- [main] o.a.c.c.C.[Tomcat].[localhost].[/]       : Initializing Spring embedded WebApplicationContext
2022-04-07 21:07:23.088  INFO 2564 --- [main] w.s.c.ServletWebServerApplicationContext : Root WebApplicationContext: initialization completed in 3354 ms
2022-04-07 21:07:24.464  INFO 2564 --- [main] o.s.b.a.w.s.WelcomePageHandlerMapping    : Adding welcome page template: index
2022-04-07 21:07:25.192  INFO 2564 --- [main] o.s.b.w.embedded.tomcat.TomcatWebServer  : Tomcat started on port(s): 8001 (http) with context path ''
2022-04-07 21:07:25.208  INFO 2564 --- [main] com.laohu.MyBlogApplication              : Started MyBlogApplication in 6.93 seconds (JVM running for 9.002)
2022-04-07 21:29:57.994  INFO 7860 --- [main] com.laohu.MyBlogApplicationTests         : Starting MyBlogApplicationTests using Java 1.8.0_181 on DESKTOP-PSKS468 with PID 7860 (started by 23757 in D:\java\Blog\MyBlog)
2022-04-07 21:29:57.994  INFO 7860 --- [main] com.laohu.MyBlogApplicationTests         : The following 1 profile is active: "pro"
2022-04-07 21:30:01.187  INFO 7860 --- [main] o.s.b.a.w.s.WelcomePageHandlerMapping    : Adding welcome page template: index
2022-04-07 21:30:01.899  INFO 7860 --- [main] com.laohu.MyBlogApplicationTests         : Started MyBlogApplicationTests in 4.631 seconds (JVM running for 6.398)
